<?xml version="1.0" encoding="UTF-8"?>
<testng-results skipped="0" failed="0" ignored="0" total="1" passed="1">
  <reporter-output>
  </reporter-output>
  <suite name="Suite" duration-ms="44351" started-at="2017-05-11T07:54:01Z" finished-at="2017-05-11T07:54:45Z">
    <groups>
    </groups>
    <test name="Test" duration-ms="44351" started-at="2017-05-11T07:54:01Z" finished-at="2017-05-11T07:54:45Z">
      <class name="com.tests.TestLoginForApplicaion">
        <test-method status="PASS" signature="initialise()[pri:0, instance:com.tests.TestLoginForApplicaion@4ed9f0]" name="initialise" is-config="true" duration-ms="22756" started-at="2017-05-11T13:24:01Z" finished-at="2017-05-11T13:24:24Z">
          <reporter-output>
          </reporter-output>
        </test-method> <!-- initialise -->
        <test-method status="PASS" signature="loginAndVerifyTitle()[pri:0, instance:com.tests.TestLoginForApplicaion@4ed9f0]" name="loginAndVerifyTitle" duration-ms="19776" started-at="2017-05-11T13:24:24Z" finished-at="2017-05-11T13:24:44Z">
          <reporter-output>
          </reporter-output>
        </test-method> <!-- loginAndVerifyTitle -->
        <test-method status="PASS" signature="closeInstance()[pri:0, instance:com.tests.TestLoginForApplicaion@4ed9f0]" name="closeInstance" is-config="true" duration-ms="1786" started-at="2017-05-11T13:24:44Z" finished-at="2017-05-11T13:24:45Z">
          <reporter-output>
          </reporter-output>
        </test-method> <!-- closeInstance -->
      </class> <!-- com.tests.TestLoginForApplicaion -->
    </test> <!-- Test -->
  </suite> <!-- Suite -->
</testng-results>
